0 info it worked if it ends with ok
1 verbose cli [
1 verbose cli   '/usr/local/bin/node',
1 verbose cli   '/usr/local/bin/npm',
1 verbose cli   'install',
1 verbose cli   '--ignore-scripts',
1 verbose cli   '@types/accepts@ts3.6',
1 verbose cli   '@types/are-we-there-yet@ts3.6',
1 verbose cli   '@types/argparse@ts3.6',
1 verbose cli   '@types/asn1@ts3.6',
1 verbose cli   '@types/assert-plus@ts3.6',
1 verbose cli   '@types/autosize@ts3.6',
1 verbose cli   '@types/aws4@ts3.6',
1 verbose cli   '@types/babel-plugin-syntax-jsx@ts3.6',
1 verbose cli   '@types/balanced-match@ts3.6',
1 verbose cli   '@types/bent@ts3.6',
1 verbose cli   '@types/bindings@ts3.6',
1 verbose cli   '@types/body-parser@ts3.6',
1 verbose cli   '@types/brace-expansion@ts3.6',
1 verbose cli   '@types/buffer-crc32@ts3.6',
1 verbose cli   '@types/buffers@ts3.6',
1 verbose cli   '@types/byline@ts3.6',
1 verbose cli   '@types/bytes@ts3.6',
1 verbose cli   '@types/camelize@ts3.6',
1 verbose cli   '@types/caseless@ts3.6',
1 verbose cli   '@types/checksum@ts3.6',
1 verbose cli   '@types/chownr@ts3.6',
1 verbose cli   '@types/color-convert@ts3.6',
1 verbose cli   '@types/color-name@ts3.6',
1 verbose cli   '@types/combined-stream@ts3.6',
1 verbose cli   '@types/concat-map@ts3.6',
1 verbose cli   '@types/content-disposition@ts3.6',
1 verbose cli   '@types/content-type@ts3.6',
1 verbose cli   '@types/cookie@ts3.6',
1 verbose cli   '@types/cookie-signature@ts3.6',
1 verbose cli   '@types/core-util-is@ts3.6',
1 verbose cli   '@types/css-to-react-native@ts3.6',
1 verbose cli   '@types/dashdash@ts3.6',
1 verbose cli   '@types/debug@ts3.6',
1 verbose cli   '@types/decompress@ts3.6',
1 verbose cli   '@types/deep-extend@ts3.6',
1 verbose cli   '@types/delegates@ts3.6',
1 verbose cli   '@types/depd@ts3.6',
1 verbose cli   '@types/destroy@ts3.6',
1 verbose cli   '@types/detect-libc@ts3.6',
1 verbose cli   '@types/diff@ts3.6',
1 verbose cli   '@types/dir-glob@ts3.6',
1 verbose cli   '@types/dompurify@ts3.6',
1 verbose cli   '@types/drivelist@ts3.6',
1 verbose cli   '@types/ee-first@ts3.6',
1 verbose cli   '@types/encodeurl@ts3.6',
1 verbose cli   '@types/end-of-stream@ts3.6',
1 verbose cli   '@types/escape-html@ts3.6',
1 verbose cli   '@types/etag@ts3.6',
1 verbose cli   '@types/event-stream@ts3.6',
1 verbose cli   '@types/express@ts3.6',
1 verbose cli   '@types/extend@ts3.6',
1 verbose cli   '@types/extsprintf@ts3.6',
1 verbose cli   '@types/filename-reserved-regex@ts3.6',
1 verbose cli   '@types/finalhandler@ts3.6',
1 verbose cli   '@types/forever-agent@ts3.6',
1 verbose cli   '@types/forwarded@ts3.6',
1 verbose cli   '@types/fresh@ts3.6',
1 verbose cli   '@types/from@ts3.6',
1 verbose cli   '@types/fs-extra@ts3.6',
1 verbose cli   '@types/fs-minipass@ts3.6',
1 verbose cli   '@types/gauge@ts3.6',
1 verbose cli   '@types/getpass@ts3.6',
1 verbose cli   '@types/github-from-package@ts3.6',
1 verbose cli   '@types/graceful-fs@ts3.6',
1 verbose cli   '@types/http-errors@ts3.6',
1 verbose cli   '@types/http-signature@ts3.6',
1 verbose cli   '@types/imurmurhash@ts3.6',
1 verbose cli   '@types/inflight@ts3.6',
1 verbose cli   '@types/inherits@ts3.6',
1 verbose cli   '@types/ini@ts3.6',
1 verbose cli   '@types/is-natural-number@ts3.6',
1 verbose cli   '@types/is-typedarray@ts3.6',
1 verbose cli   '@types/isarray@ts3.6',
1 verbose cli   '@types/isexe@ts3.6',
1 verbose cli   '@types/isstream@ts3.6',
1 verbose cli   '@types/jsbn@ts3.6',
1 verbose cli   '@types/json-schema@ts3.6',
1 verbose cli   '@types/json-stringify-safe@ts3.6',
1 verbose cli   '@types/jsonfile@ts3.6',
1 verbose cli   '@types/jsprim@ts3.6',
1 verbose cli   '@types/linkify-it@ts3.6',
1 verbose cli   '@types/lodash@ts3.6',
1 verbose cli   '@types/lodash.clonedeep@ts3.6',
1 verbose cli   '@types/lodash.debounce@ts3.6',
1 verbose cli   '@types/lodash.throttle@ts3.6',
1 verbose cli   '@types/map-stream@ts3.6',
1 verbose cli   '@types/markdown-it@ts3.6',
1 verbose cli   '@types/mdurl@ts3.6',
1 verbose cli   '@types/media-typer@ts3.6',
1 verbose cli   '@types/merge-descriptors@ts3.6',
1 verbose cli   '@types/methods@ts3.6',
1 verbose cli   '@types/mime-db@ts3.6',
1 verbose cli   '@types/mime-types@ts3.6',
1 verbose cli   '@types/minimist@ts3.6',
1 verbose cli   '@types/minizlib@ts3.6',
1 verbose cli   '@types/ms@ts3.6',
1 verbose cli   ... 84 more items
1 verbose cli ]
2 info using npm@6.14.6
3 info using node@v12.18.3
4 verbose npm-session cce8790642087e20
5 silly install loadCurrentTree
6 silly install readLocalPackageData
7 http fetch GET 200 https://registry.npmjs.org/@types%2fare-we-there-yet 82ms (from cache)
8 http fetch GET 200 https://registry.npmjs.org/@types%2fasn1 81ms (from cache)
9 http fetch GET 200 https://registry.npmjs.org/@types%2fassert-plus 80ms (from cache)
10 http fetch GET 200 https://registry.npmjs.org/@types%2fautosize 79ms (from cache)
11 http fetch GET 200 https://registry.npmjs.org/@types%2faws4 79ms (from cache)
12 http fetch GET 200 https://registry.npmjs.org/@types%2fbabel-plugin-syntax-jsx 81ms (from cache)
13 http fetch GET 200 https://registry.npmjs.org/@types%2fbent 79ms (from cache)
14 silly pacote tag manifest for @types/are-we-there-yet@ts3.6 fetched in 93ms
15 silly pacote tag manifest for @types/asn1@ts3.6 fetched in 92ms
16 silly pacote tag manifest for @types/assert-plus@ts3.6 fetched in 92ms
17 silly pacote tag manifest for @types/autosize@ts3.6 fetched in 90ms
18 silly pacote tag manifest for @types/aws4@ts3.6 fetched in 89ms
19 silly pacote tag manifest for @types/babel-plugin-syntax-jsx@ts3.6 fetched in 96ms
20 silly pacote tag manifest for @types/bent@ts3.6 fetched in 92ms
21 http fetch GET 200 https://registry.npmjs.org/@types%2fbindings 31ms (from cache)
22 http fetch GET 200 https://registry.npmjs.org/@types%2fbuffer-crc32 29ms (from cache)
23 http fetch GET 200 https://registry.npmjs.org/@types%2fbuffers 30ms (from cache)
24 http fetch GET 200 https://registry.npmjs.org/@types%2fbyline 29ms (from cache)
25 silly pacote tag manifest for @types/bindings@ts3.6 fetched in 40ms
26 silly pacote tag manifest for @types/buffer-crc32@ts3.6 fetched in 37ms
27 silly pacote tag manifest for @types/buffers@ts3.6 fetched in 41ms
28 silly pacote tag manifest for @types/byline@ts3.6 fetched in 46ms
29 http fetch GET 200 https://registry.npmjs.org/@types%2fcamelize 28ms (from cache)
30 silly registry:manifest no matching version for @types/camelize@ts3.6 in the cache. Forcing revalidation.
31 http fetch GET 200 https://registry.npmjs.org/@types%2fcaseless 34ms (from cache)
32 http fetch GET 200 https://registry.npmjs.org/@types%2fchecksum 29ms (from cache)
33 silly pacote tag manifest for @types/caseless@ts3.6 fetched in 41ms
34 silly pacote tag manifest for @types/checksum@ts3.6 fetched in 38ms
35 http fetch GET 304 https://registry.npmjs.org/@types%2fbytes 276ms (from cache)
36 silly pacote tag manifest for @types/bytes@ts3.6 fetched in 278ms
37 http fetch GET 304 https://registry.npmjs.org/@types%2fbody-parser 303ms (from cache)
38 silly pacote tag manifest for @types/body-parser@ts3.6 fetched in 305ms
39 http fetch GET 304 https://registry.npmjs.org/@types%2fcolor-convert 305ms (from cache)
40 silly pacote tag manifest for @types/color-convert@ts3.6 fetched in 306ms
41 http fetch GET 304 https://registry.npmjs.org/@types%2fbalanced-match 1696ms (from cache)
42 silly pacote tag manifest for @types/balanced-match@ts3.6 fetched in 1700ms
43 http fetch GET 304 https://registry.npmjs.org/@types%2faccepts 1757ms (from cache)
44 silly pacote tag manifest for @types/accepts@ts3.6 fetched in 1767ms
45 http fetch GET 200 https://registry.npmjs.org/@types%2fcookie 7ms (from cache)
46 silly pacote tag manifest for @types/cookie@ts3.6 fetched in 11ms
47 http fetch GET 304 https://registry.npmjs.org/@types%2fargparse 1788ms (from cache)
48 silly pacote tag manifest for @types/argparse@ts3.6 fetched in 1798ms
49 http fetch GET 200 https://registry.npmjs.org/@types%2fcamelize 1670ms
50 silly fetchPackageMetaData error for @types/camelize@ts3.6 No matching version found for @types/camelize@ts3.6.
51 http fetch GET 304 https://registry.npmjs.org/@types%2fcontent-type 135ms (from cache)
52 http fetch GET 304 https://registry.npmjs.org/@types%2fbrace-expansion 1752ms (from cache)
53 silly pacote tag manifest for @types/content-type@ts3.6 fetched in 145ms
54 silly pacote tag manifest for @types/brace-expansion@ts3.6 fetched in 1762ms
55 http fetch GET 200 https://registry.npmjs.org/@types%2fcss-to-react-native 14ms (from cache)
56 silly pacote tag manifest for @types/css-to-react-native@ts3.6 fetched in 27ms
57 http fetch GET 200 https://registry.npmjs.org/@types%2fdashdash 18ms (from cache)
58 silly pacote tag manifest for @types/dashdash@ts3.6 fetched in 23ms
59 http fetch GET 200 https://registry.npmjs.org/@types%2fdecompress 10ms (from cache)
60 http fetch GET 304 https://registry.npmjs.org/@types%2fchownr 1733ms (from cache)
61 silly pacote tag manifest for @types/decompress@ts3.6 fetched in 16ms
62 http fetch GET 200 https://registry.npmjs.org/@types%2fdeep-extend 10ms (from cache)
63 silly pacote tag manifest for @types/chownr@ts3.6 fetched in 1740ms
64 silly pacote tag manifest for @types/deep-extend@ts3.6 fetched in 16ms
65 http fetch GET 200 https://registry.npmjs.org/@types%2fdelegates 12ms (from cache)
66 silly registry:manifest no matching version for @types/delegates@ts3.6 in the cache. Forcing revalidation.
67 http fetch GET 304 https://registry.npmjs.org/@types%2fdebug 93ms (from cache)
68 silly pacote tag manifest for @types/debug@ts3.6 fetched in 97ms
69 http fetch GET 200 https://registry.npmjs.org/@types%2fdetect-libc 3ms (from cache)
70 silly pacote tag manifest for @types/detect-libc@ts3.6 fetched in 6ms
71 http fetch GET 200 https://registry.npmjs.org/@types%2fdiff 4ms (from cache)
72 silly pacote tag manifest for @types/diff@ts3.6 fetched in 6ms
73 http fetch GET 304 https://registry.npmjs.org/@types%2fdestroy 108ms (from cache)
74 silly pacote tag manifest for @types/destroy@ts3.6 fetched in 112ms
75 http fetch GET 200 https://registry.npmjs.org/@types%2fdompurify 6ms (from cache)
76 silly pacote tag manifest for @types/dompurify@ts3.6 fetched in 8ms
77 http fetch GET 200 https://registry.npmjs.org/@types%2fdrivelist 4ms (from cache)
78 silly pacote tag manifest for @types/drivelist@ts3.6 fetched in 5ms
79 http fetch GET 304 https://registry.npmjs.org/@types%2fcombined-stream 1699ms (from cache)
80 silly pacote tag manifest for @types/combined-stream@ts3.6 fetched in 1703ms
81 http fetch GET 304 https://registry.npmjs.org/@types%2fconcat-map 1724ms (from cache)
82 silly pacote tag manifest for @types/concat-map@ts3.6 fetched in 1728ms
83 http fetch GET 304 https://registry.npmjs.org/@types%2fcolor-name 1961ms (from cache)
84 silly pacote tag manifest for @types/color-name@ts3.6 fetched in 1963ms
85 http fetch GET 304 https://registry.npmjs.org/@types%2fcontent-disposition 1786ms (from cache)
86 silly pacote tag manifest for @types/content-disposition@ts3.6 fetched in 1789ms
87 http fetch GET 304 https://registry.npmjs.org/@types%2fencodeurl 1065ms (from cache)
88 silly pacote tag manifest for @types/encodeurl@ts3.6 fetched in 1066ms
89 http fetch GET 200 https://registry.npmjs.org/@types%2fevent-stream 3ms (from cache)
90 silly pacote tag manifest for @types/event-stream@ts3.6 fetched in 6ms
91 http fetch GET 200 https://registry.npmjs.org/@types%2fexpress 4ms (from cache)
92 silly pacote tag manifest for @types/express@ts3.6 fetched in 7ms
93 http fetch GET 200 https://registry.npmjs.org/@types%2fextend 3ms (from cache)
94 silly pacote tag manifest for @types/extend@ts3.6 fetched in 5ms
95 http fetch GET 200 https://registry.npmjs.org/@types%2fextsprintf 6ms (from cache)
96 silly pacote tag manifest for @types/extsprintf@ts3.6 fetched in 7ms
97 http fetch GET 200 https://registry.npmjs.org/@types%2ffilename-reserved-regex 5ms (from cache)
98 silly registry:manifest no matching version for @types/filename-reserved-regex@ts3.6 in the cache. Forcing revalidation.
99 http fetch GET 304 https://registry.npmjs.org/@types%2fetag 934ms (from cache)
100 silly pacote tag manifest for @types/etag@ts3.6 fetched in 936ms
101 http fetch GET 304 https://registry.npmjs.org/@types%2fcookie-signature 1477ms (from cache)
102 silly pacote tag manifest for @types/cookie-signature@ts3.6 fetched in 1479ms
103 http fetch GET 200 https://registry.npmjs.org/@types%2fforever-agent 7ms (from cache)
104 silly pacote tag manifest for @types/forever-agent@ts3.6 fetched in 10ms
105 http fetch GET 304 https://registry.npmjs.org/@types%2ffinalhandler 88ms (from cache)
106 silly pacote tag manifest for @types/finalhandler@ts3.6 fetched in 90ms
107 http fetch GET 304 https://registry.npmjs.org/@types%2fcore-util-is 1525ms (from cache)
108 silly registry:manifest no matching version for @types/core-util-is@ts3.6 in the cache. Forcing revalidation.
109 http fetch GET 304 https://registry.npmjs.org/@types%2fforwarded 98ms (from cache)
110 silly pacote tag manifest for @types/forwarded@ts3.6 fetched in 105ms
111 http fetch GET 200 https://registry.npmjs.org/@types%2ffrom 6ms (from cache)
112 silly pacote tag manifest for @types/from@ts3.6 fetched in 9ms
113 http fetch GET 200 https://registry.npmjs.org/@types%2fdelegates 1481ms
114 silly fetchPackageMetaData error for @types/delegates@ts3.6 No matching version found for @types/delegates@ts3.6.
115 http fetch GET 304 https://registry.npmjs.org/@types%2fdir-glob 1502ms (from cache)
116 silly pacote tag manifest for @types/dir-glob@ts3.6 fetched in 1503ms
117 http fetch GET 200 https://registry.npmjs.org/@types%2fgauge 4ms (from cache)
118 silly registry:manifest no matching version for @types/gauge@ts3.6 in the cache. Forcing revalidation.
119 http fetch GET 304 https://registry.npmjs.org/@types%2fdepd 1611ms (from cache)
120 silly pacote tag manifest for @types/depd@ts3.6 fetched in 1613ms
121 http fetch GET 200 https://registry.npmjs.org/@types%2fgetpass 4ms (from cache)
122 silly pacote tag manifest for @types/getpass@ts3.6 fetched in 6ms
123 http fetch GET 200 https://registry.npmjs.org/@types%2fgithub-from-package 3ms (from cache)
124 silly registry:manifest no matching version for @types/github-from-package@ts3.6 in the cache. Forcing revalidation.
125 http fetch GET 304 https://registry.npmjs.org/@types%2fee-first 1527ms (from cache)
126 silly pacote tag manifest for @types/ee-first@ts3.6 fetched in 1529ms
127 http fetch GET 304 https://registry.npmjs.org/@types%2fgraceful-fs 132ms (from cache)
128 silly pacote tag manifest for @types/graceful-fs@ts3.6 fetched in 135ms
129 http fetch GET 304 https://registry.npmjs.org/@types%2fhttp-errors 113ms (from cache)
130 silly pacote tag manifest for @types/http-errors@ts3.6 fetched in 115ms
131 http fetch GET 200 https://registry.npmjs.org/@types%2fhttp-signature 4ms (from cache)
132 silly registry:manifest no matching version for @types/http-signature@ts3.6 in the cache. Forcing revalidation.
133 http fetch GET 304 https://registry.npmjs.org/@types%2fend-of-stream 1790ms (from cache)
134 silly pacote tag manifest for @types/end-of-stream@ts3.6 fetched in 1792ms
135 http fetch GET 304 https://registry.npmjs.org/@types%2fescape-html 1778ms (from cache)
136 silly pacote tag manifest for @types/escape-html@ts3.6 fetched in 1785ms
137 http fetch GET 304 https://registry.npmjs.org/@types%2ffresh 914ms (from cache)
138 silly pacote tag manifest for @types/fresh@ts3.6 fetched in 916ms
139 http fetch GET 304 https://registry.npmjs.org/@types%2finherits 99ms (from cache)
140 silly pacote tag manifest for @types/inherits@ts3.6 fetched in 101ms
141 http fetch GET 200 https://registry.npmjs.org/@types%2fcore-util-is 1599ms
142 silly fetchPackageMetaData error for @types/core-util-is@ts3.6 No matching version found for @types/core-util-is@ts3.6.
143 http fetch GET 200 https://registry.npmjs.org/@types%2ffilename-reserved-regex 1741ms
144 silly fetchPackageMetaData error for @types/filename-reserved-regex@ts3.6 No matching version found for @types/filename-reserved-regex@ts3.6.
145 http fetch GET 304 https://registry.npmjs.org/@types%2ffs-extra 1554ms (from cache)
146 http fetch GET 200 https://registry.npmjs.org/@types%2fis-natural-number 9ms (from cache)
147 silly pacote tag manifest for @types/fs-extra@ts3.6 fetched in 1557ms
148 silly pacote tag manifest for @types/is-natural-number@ts3.6 fetched in 15ms
149 http fetch GET 304 https://registry.npmjs.org/@types%2ffs-minipass 1561ms (from cache)
150 silly registry:manifest no matching version for @types/fs-minipass@ts3.6 in the cache. Forcing revalidation.
151 http fetch GET 200 https://registry.npmjs.org/@types%2fgithub-from-package 1443ms
152 silly fetchPackageMetaData error for @types/github-from-package@ts3.6 No matching version found for @types/github-from-package@ts3.6.
153 http fetch GET 200 https://registry.npmjs.org/@types%2fisstream 5ms (from cache)
154 silly pacote tag manifest for @types/isstream@ts3.6 fetched in 7ms
155 http fetch GET 200 https://registry.npmjs.org/@types%2fjsbn 3ms (from cache)
156 silly pacote tag manifest for @types/jsbn@ts3.6 fetched in 6ms
157 http fetch GET 200 https://registry.npmjs.org/@types%2fgauge 1511ms
158 silly fetchPackageMetaData error for @types/gauge@ts3.6 No matching version found for @types/gauge@ts3.6.
159 http fetch GET 200 https://registry.npmjs.org/@types%2fjson-stringify-safe 4ms (from cache)
160 silly pacote tag manifest for @types/json-stringify-safe@ts3.6 fetched in 5ms
161 http fetch GET 304 https://registry.npmjs.org/@types%2fjson-schema 90ms (from cache)
162 silly pacote tag manifest for @types/json-schema@ts3.6 fetched in 92ms
163 http fetch GET 200 https://registry.npmjs.org/@types%2fjsprim 3ms (from cache)
164 silly registry:manifest no matching version for @types/jsprim@ts3.6 in the cache. Forcing revalidation.
165 http fetch GET 200 https://registry.npmjs.org/@types%2fhttp-signature 1443ms
166 silly fetchPackageMetaData error for @types/http-signature@ts3.6 No matching version found for @types/http-signature@ts3.6.
167 http fetch GET 200 https://registry.npmjs.org/@types%2flinkify-it 5ms (from cache)
168 silly pacote tag manifest for @types/linkify-it@ts3.6 fetched in 8ms
169 http fetch GET 304 https://registry.npmjs.org/@types%2finflight 1712ms (from cache)
170 silly registry:manifest no matching version for @types/inflight@ts3.6 in the cache. Forcing revalidation.
171 http fetch GET 304 https://registry.npmjs.org/@types%2fimurmurhash 1740ms (from cache)
172 silly pacote tag manifest for @types/imurmurhash@ts3.6 fetched in 1742ms
173 http fetch GET 200 https://registry.npmjs.org/@types%2flodash.clonedeep 3ms (from cache)
174 silly pacote tag manifest for @types/lodash.clonedeep@ts3.6 fetched in 4ms
175 http fetch GET 200 https://registry.npmjs.org/@types%2finflight 171ms
176 silly fetchPackageMetaData error for @types/inflight@ts3.6 No matching version found for @types/inflight@ts3.6.
177 http fetch GET 200 https://registry.npmjs.org/@types%2flodash.throttle 21ms (from cache)
178 silly pacote tag manifest for @types/lodash.throttle@ts3.6 fetched in 32ms
179 http fetch GET 200 https://registry.npmjs.org/@types%2fmap-stream 5ms (from cache)
180 silly registry:manifest no matching version for @types/map-stream@ts3.6 in the cache. Forcing revalidation.
181 http fetch GET 304 https://registry.npmjs.org/@types%2flodash.debounce 200ms (from cache)
182 silly pacote tag manifest for @types/lodash.debounce@ts3.6 fetched in 204ms
183 http fetch GET 200 https://registry.npmjs.org/@types%2fmarkdown-it 5ms (from cache)
184 silly pacote tag manifest for @types/markdown-it@ts3.6 fetched in 9ms
185 http fetch GET 200 https://registry.npmjs.org/@types%2fmdurl 8ms (from cache)
186 silly pacote tag manifest for @types/mdurl@ts3.6 fetched in 14ms
187 http fetch GET 304 https://registry.npmjs.org/@types%2fmedia-typer 114ms (from cache)
188 silly pacote tag manifest for @types/media-typer@ts3.6 fetched in 116ms
189 http fetch GET 304 https://registry.npmjs.org/@types%2fini 1766ms (from cache)
190 silly pacote tag manifest for @types/ini@ts3.6 fetched in 1777ms
191 http fetch GET 304 https://registry.npmjs.org/@types%2fmerge-descriptors 119ms (from cache)
192 silly pacote tag manifest for @types/merge-descriptors@ts3.6 fetched in 121ms
193 http fetch GET 304 https://registry.npmjs.org/@types%2fmethods 117ms (from cache)
194 silly pacote tag manifest for @types/methods@ts3.6 fetched in 119ms
195 http fetch GET 200 https://registry.npmjs.org/@types%2fmime-types 4ms (from cache)
196 silly pacote tag manifest for @types/mime-types@ts3.6 fetched in 6ms
197 http fetch GET 304 https://registry.npmjs.org/@types%2fmime-db 108ms (from cache)
198 silly pacote tag manifest for @types/mime-db@ts3.6 fetched in 109ms
199 http fetch GET 304 https://registry.npmjs.org/@types%2fis-typedarray 1521ms (from cache)
200 silly pacote tag manifest for @types/is-typedarray@ts3.6 fetched in 1526ms
201 http fetch GET 304 https://registry.npmjs.org/@types%2fisarray 1524ms (from cache)
202 http fetch GET 200 https://registry.npmjs.org/@types%2fms 5ms (from cache)
203 http fetch GET 304 https://registry.npmjs.org/@types%2fisexe 1525ms (from cache)
204 silly pacote tag manifest for @types/ms@ts3.6 fetched in 10ms
205 silly pacote tag manifest for @types/isarray@ts3.6 fetched in 1531ms
206 silly pacote tag manifest for @types/isexe@ts3.6 fetched in 1531ms
207 http fetch GET 200 https://registry.npmjs.org/@types%2fnested-error-stacks 10ms (from cache)
208 http fetch GET 200 https://registry.npmjs.org/@types%2fnode-abi 8ms (from cache)
209 silly pacote tag manifest for @types/nested-error-stacks@ts3.6 fetched in 13ms
210 silly pacote tag manifest for @types/node-abi@ts3.6 fetched in 11ms
211 http fetch GET 200 https://registry.npmjs.org/@types%2fnpmlog 5ms (from cache)
212 silly pacote tag manifest for @types/npmlog@ts3.6 fetched in 9ms
213 http fetch GET 200 https://registry.npmjs.org/@types%2fnumber-is-nan 7ms (from cache)
214 silly pacote tag manifest for @types/number-is-nan@ts3.6 fetched in 11ms
215 http fetch GET 200 https://registry.npmjs.org/@types%2fobject-assign 5ms (from cache)
216 silly pacote tag manifest for @types/object-assign@ts3.6 fetched in 8ms
217 http fetch GET 304 https://registry.npmjs.org/@types%2fjsonfile 1522ms (from cache)
218 silly pacote tag manifest for @types/jsonfile@ts3.6 fetched in 1525ms
219 http fetch GET 200 https://registry.npmjs.org/@types%2foniguruma 7ms (from cache)
220 silly pacote tag manifest for @types/oniguruma@ts3.6 fetched in 10ms
221 http fetch GET 200 https://registry.npmjs.org/@types%2foptimist 4ms (from cache)
222 http fetch GET 200 https://registry.npmjs.org/@types%2fjsprim 1465ms
223 silly fetchPackageMetaData error for @types/jsprim@ts3.6 No matching version found for @types/jsprim@ts3.6.
224 silly pacote tag manifest for @types/optimist@ts3.6 fetched in 7ms
225 http fetch GET 200 https://registry.npmjs.org/@types%2fos-homedir 7ms (from cache)
226 http fetch GET 200 https://registry.npmjs.org/@types%2fparse-srcset 7ms (from cache)
227 silly registry:manifest no matching version for @types/parse-srcset@ts3.6 in the cache. Forcing revalidation.
228 silly pacote tag manifest for @types/os-homedir@ts3.6 fetched in 11ms
229 http fetch GET 304 https://registry.npmjs.org/@types%2fnegotiator 96ms (from cache)
230 silly pacote tag manifest for @types/negotiator@ts3.6 fetched in 98ms
231 http fetch GET 304 https://registry.npmjs.org/@types%2fon-finished 97ms (from cache)
232 silly pacote tag manifest for @types/on-finished@ts3.6 fetched in 99ms
233 http fetch GET 200 https://registry.npmjs.org/@types%2fpdfobject 3ms (from cache)
234 silly pacote tag manifest for @types/pdfobject@ts3.6 fetched in 5ms
235 http fetch GET 304 https://registry.npmjs.org/@types%2fparseurl 99ms (from cache)
236 silly pacote tag manifest for @types/parseurl@ts3.6 fetched in 101ms
237 http fetch GET 200 https://registry.npmjs.org/@types%2ffs-minipass 1796ms
238 silly fetchPackageMetaData error for @types/fs-minipass@ts3.6 No matching version found for @types/fs-minipass@ts3.6.
239 http fetch GET 304 https://registry.npmjs.org/@types%2flodash 1503ms (from cache)
240 silly pacote tag manifest for @types/lodash@ts3.6 fetched in 1509ms
241 http fetch GET 304 https://registry.npmjs.org/@types%2fprop-types 115ms (from cache)
242 silly pacote tag manifest for @types/prop-types@ts3.6 fetched in 117ms
243 http fetch GET 200 https://registry.npmjs.org/@types%2fproxy-from-env 4ms (from cache)
244 silly pacote tag manifest for @types/proxy-from-env@ts3.6 fetched in 7ms
245 http fetch GET 200 https://registry.npmjs.org/@types%2fps-tree 6ms (from cache)
246 silly pacote tag manifest for @types/ps-tree@ts3.6 fetched in 9ms
247 http fetch GET 304 https://registry.npmjs.org/@types%2fproxy-addr 115ms (from cache)
248 silly pacote tag manifest for @types/proxy-addr@ts3.6 fetched in 117ms
249 http fetch GET 200 https://registry.npmjs.org/@types%2fmap-stream 1762ms
250 silly fetchPackageMetaData error for @types/map-stream@ts3.6 No matching version found for @types/map-stream@ts3.6.
251 http fetch GET 304 https://registry.npmjs.org/@types%2fpunycode 93ms (from cache)
252 silly pacote tag manifest for @types/punycode@ts3.6 fetched in 95ms
253 http fetch GET 304 https://registry.npmjs.org/@types%2fqs 97ms (from cache)
254 silly pacote tag manifest for @types/qs@ts3.6 fetched in 100ms
255 http fetch GET 304 https://registry.npmjs.org/@types%2fpump 1019ms (from cache)
256 silly pacote tag manifest for @types/pump@ts3.6 fetched in 1021ms
257 http fetch GET 200 https://registry.npmjs.org/@types%2frc 2ms (from cache)
258 silly pacote tag manifest for @types/rc@ts3.6 fetched in 7ms
259 http fetch GET 200 https://registry.npmjs.org/@types%2freact 6ms (from cache)
260 silly pacote tag manifest for @types/react@ts3.6 fetched in 14ms
261 http fetch GET 304 https://registry.npmjs.org/@types%2frange-parser 113ms (from cache)
262 silly pacote tag manifest for @types/range-parser@ts3.6 fetched in 115ms
263 http fetch GET 304 https://registry.npmjs.org/@types%2fminimist 1777ms (from cache)
264 silly pacote tag manifest for @types/minimist@ts3.6 fetched in 1779ms
265 http fetch GET 200 https://registry.npmjs.org/@types%2freact-lifecycles-compat 4ms (from cache)
266 silly pacote tag manifest for @types/react-lifecycles-compat@ts3.6 fetched in 7ms
267 http fetch GET 200 https://registry.npmjs.org/@types%2freact-virtualized 4ms (from cache)
268 silly pacote tag manifest for @types/react-virtualized@ts3.6 fetched in 8ms
269 http fetch GET 304 https://registry.npmjs.org/@types%2fonce 1527ms (from cache)
270 silly pacote tag manifest for @types/once@ts3.6 fetched in 1529ms
271 http fetch GET 304 https://registry.npmjs.org/@types%2freact-dom 107ms (from cache)
272 silly pacote tag manifest for @types/react-dom@ts3.6 fetched in 113ms
273 http fetch GET 200 https://registry.npmjs.org/@types%2fparse-srcset 1509ms
274 silly fetchPackageMetaData error for @types/parse-srcset@ts3.6 No matching version found for @types/parse-srcset@ts3.6.
275 http fetch GET 200 https://registry.npmjs.org/@types%2frequestretry 4ms (from cache)
276 silly pacote tag manifest for @types/requestretry@ts3.6 fetched in 6ms
277 http fetch GET 304 https://registry.npmjs.org/@types%2fpath-is-absolute 1499ms (from cache)
278 silly pacote tag manifest for @types/path-is-absolute@ts3.6 fetched in 1506ms
279 http fetch GET 200 https://registry.npmjs.org/@types%2froute-parser 6ms (from cache)
280 silly pacote tag manifest for @types/route-parser@ts3.6 fetched in 8ms
281 http fetch GET 304 https://registry.npmjs.org/@types%2fminizlib 1840ms (from cache)
282 silly pacote tag manifest for @types/minizlib@ts3.6 fetched in 1842ms
283 http fetch GET 200 https://registry.npmjs.org/@types%2fsanitize-html 4ms (from cache)
284 silly pacote tag manifest for @types/sanitize-html@ts3.6 fetched in 6ms
285 http fetch GET 304 https://registry.npmjs.org/@types%2freact-is 184ms (from cache)
286 http fetch GET 304 https://registry.npmjs.org/@types%2fpify 1523ms (from cache)
287 silly pacote tag manifest for @types/react-is@ts3.6 fetched in 187ms
288 silly pacote tag manifest for @types/pify@ts3.6 fetched in 1526ms
289 http fetch GET 304 https://registry.npmjs.org/@types%2fprogress 1491ms (from cache)
290 silly pacote tag manifest for @types/progress@ts3.6 fetched in 1493ms
291 http fetch GET 200 https://registry.npmjs.org/@types%2fserve-static 3ms (from cache)
292 silly pacote tag manifest for @types/serve-static@ts3.6 fetched in 9ms
293 http fetch GET 304 https://registry.npmjs.org/@types%2fsend 97ms (from cache)
294 silly pacote tag manifest for @types/send@ts3.6 fetched in 100ms
295 http fetch GET 200 https://registry.npmjs.org/@types%2fshowdown 6ms (from cache)
296 silly pacote tag manifest for @types/showdown@ts3.6 fetched in 11ms
297 http fetch GET 304 https://registry.npmjs.org/@types%2fscheduler 154ms (from cache)
298 silly pacote tag manifest for @types/scheduler@ts3.6 fetched in 158ms
299 http fetch GET 200 https://registry.npmjs.org/@types%2fsimple-get 3ms (from cache)
300 silly registry:manifest no matching version for @types/simple-get@ts3.6 in the cache. Forcing revalidation.
301 http fetch GET 304 https://registry.npmjs.org/@types%2fpsl 1791ms (from cache)
302 silly pacote tag manifest for @types/psl@ts3.6 fetched in 1793ms
303 http fetch GET 200 https://registry.npmjs.org/@types%2fsplit 5ms (from cache)
304 silly pacote tag manifest for @types/split@ts3.6 fetched in 7ms
305 http fetch GET 304 https://registry.npmjs.org/@types%2fsemver 584ms (from cache)
306 silly pacote tag manifest for @types/semver@ts3.6 fetched in 586ms
307 http fetch GET 304 https://registry.npmjs.org/@types%2fset-blocking 1018ms (from cache)
308 silly registry:manifest no matching version for @types/set-blocking@ts3.6 in the cache. Forcing revalidation.
309 http fetch GET 304 https://registry.npmjs.org/@types%2freadable-stream 1241ms (from cache)
310 silly pacote tag manifest for @types/readable-stream@ts3.6 fetched in 1245ms
311 http fetch GET 200 https://registry.npmjs.org/@types%2fset-blocking 94ms
312 silly fetchPackageMetaData error for @types/set-blocking@ts3.6 No matching version found for @types/set-blocking@ts3.6.
313 http fetch GET 200 https://registry.npmjs.org/@types%2fsshpk 12ms (from cache)
314 silly pacote tag manifest for @types/sshpk@ts3.6 fetched in 15ms
315 http fetch GET 304 https://registry.npmjs.org/@types%2frequest 1459ms (from cache)
316 silly pacote tag manifest for @types/request@ts3.6 fetched in 1469ms
317 http fetch GET 304 https://registry.npmjs.org/@types%2fregenerator-runtime 1496ms (from cache)
318 silly pacote tag manifest for @types/regenerator-runtime@ts3.6 fetched in 1498ms
319 http fetch GET 304 https://registry.npmjs.org/@types%2frequire-directory 1492ms (from cache)
320 silly pacote tag manifest for @types/require-directory@ts3.6 fetched in 1494ms
321 http fetch GET 200 https://registry.npmjs.org/@types%2ftar-fs 3ms (from cache)
322 silly pacote tag manifest for @types/tar-fs@ts3.6 fetched in 5ms
323 http fetch GET 200 https://registry.npmjs.org/@types%2ftar-stream 3ms (from cache)
324 silly pacote tag manifest for @types/tar-stream@ts3.6 fetched in 5ms
325 http fetch GET 200 https://registry.npmjs.org/@types%2fthrough 4ms (from cache)
326 silly pacote tag manifest for @types/through@ts3.6 fetched in 7ms
327 http fetch GET 200 https://registry.npmjs.org/@types%2ftoidentifier 2ms (from cache)
328 silly registry:manifest no matching version for @types/toidentifier@ts3.6 in the cache. Forcing revalidation.
329 http fetch GET 304 https://registry.npmjs.org/@types%2fsafer-buffer 1554ms (from cache)
330 silly pacote tag manifest for @types/safer-buffer@ts3.6 fetched in 1557ms
331 http fetch GET 200 https://registry.npmjs.org/@types%2ftough-cookie 3ms (from cache)
332 silly pacote tag manifest for @types/tough-cookie@ts3.6 fetched in 5ms
333 http fetch GET 200 https://registry.npmjs.org/@types%2ftraverse 3ms (from cache)
334 silly pacote tag manifest for @types/traverse@ts3.6 fetched in 4ms
335 http fetch GET 304 https://registry.npmjs.org/@types%2ftype-is 88ms (from cache)
336 silly pacote tag manifest for @types/type-is@ts3.6 fetched in 91ms
337 http fetch GET 200 https://registry.npmjs.org/@types%2funbzip2-stream 6ms (from cache)
338 silly registry:manifest no matching version for @types/unbzip2-stream@ts3.6 in the cache. Forcing revalidation.
339 http fetch GET 200 https://registry.npmjs.org/@types%2fsimple-get 1729ms
340 silly fetchPackageMetaData error for @types/simple-get@ts3.6 No matching version found for @types/simple-get@ts3.6.
341 http fetch GET 200 https://registry.npmjs.org/@types%2funiversalify 3ms (from cache)
342 silly pacote tag manifest for @types/universalify@ts3.6 fetched in 5ms
343 http fetch GET 200 https://registry.npmjs.org/@types%2funzip-stream 3ms (from cache)
344 silly pacote tag manifest for @types/unzip-stream@ts3.6 fetched in 6ms
345 http fetch GET 200 https://registry.npmjs.org/@types%2fuser-home 4ms (from cache)
346 silly pacote tag manifest for @types/user-home@ts3.6 fetched in 6ms
347 http fetch GET 200 https://registry.npmjs.org/@types%2futil-deprecate 3ms (from cache)
348 silly pacote tag manifest for @types/util-deprecate@ts3.6 fetched in 4ms
349 http fetch GET 200 https://registry.npmjs.org/@types%2futils-merge 3ms (from cache)
350 silly pacote tag manifest for @types/utils-merge@ts3.6 fetched in 5ms
351 http fetch GET 304 https://registry.npmjs.org/@types%2fsignal-exit 1794ms (from cache)
352 silly pacote tag manifest for @types/signal-exit@ts3.6 fetched in 1795ms
353 http fetch GET 200 https://registry.npmjs.org/@types%2fvary 2ms (from cache)
354 silly pacote tag manifest for @types/vary@ts3.6 fetched in 4ms
355 http fetch GET 304 https://registry.npmjs.org/@types%2fuuid 134ms (from cache)
356 silly pacote tag manifest for @types/uuid@ts3.6 fetched in 135ms
357 http fetch GET 200 https://registry.npmjs.org/@types%2fvhost 3ms (from cache)
358 silly pacote tag manifest for @types/vhost@ts3.6 fetched in 4ms
359 http fetch GET 200 https://registry.npmjs.org/@types%2fwhen 2ms (from cache)
360 silly pacote tag manifest for @types/when@ts3.6 fetched in 4ms
361 http fetch GET 200 https://registry.npmjs.org/@types%2fwhich 3ms (from cache)
362 silly pacote tag manifest for @types/which@ts3.6 fetched in 4ms
363 http fetch GET 200 https://registry.npmjs.org/@types%2fwhich-pm-runs 3ms (from cache)
364 silly pacote tag manifest for @types/which-pm-runs@ts3.6 fetched in 4ms
365 http fetch GET 200 https://registry.npmjs.org/@types%2fwordwrap 2ms (from cache)
366 silly pacote tag manifest for @types/wordwrap@ts3.6 fetched in 4ms
367 http fetch GET 200 https://registry.npmjs.org/@types%2fws 2ms (from cache)
368 silly pacote tag manifest for @types/ws@ts3.6 fetched in 5ms
369 http fetch GET 200 https://registry.npmjs.org/@types%2fxtend 2ms (from cache)
370 silly pacote tag manifest for @types/xtend@ts3.6 fetched in 4ms
371 http fetch GET 200 https://registry.npmjs.org/@types%2fyallist 6ms (from cache)
372 silly pacote tag manifest for @types/yallist@ts3.6 fetched in 10ms
373 http fetch GET 304 https://registry.npmjs.org/@types%2fverror 166ms (from cache)
374 silly pacote tag manifest for @types/verror@ts3.6 fetched in 168ms
375 http fetch GET 200 https://registry.npmjs.org/@types%2fyauzl 3ms (from cache)
376 silly pacote tag manifest for @types/yauzl@ts3.6 fetched in 5ms
377 http fetch GET 304 https://registry.npmjs.org/@types%2fsprintf-js 1503ms (from cache)
378 silly pacote tag manifest for @types/sprintf-js@ts3.6 fetched in 1508ms
379 http fetch GET 304 https://registry.npmjs.org/@types%2fstatuses 973ms (from cache)
380 silly pacote tag manifest for @types/statuses@ts3.6 fetched in 976ms
381 http fetch GET 304 https://registry.npmjs.org/@types%2fyargs 102ms (from cache)
382 silly pacote tag manifest for @types/yargs@ts3.6 fetched in 114ms
383 http fetch GET 304 https://registry.npmjs.org/@types%2fstyled-components 1041ms (from cache)
384 silly pacote tag manifest for @types/styled-components@ts3.6 fetched in 1045ms
385 http fetch GET 304 https://registry.npmjs.org/@types%2fsprintf 1791ms (from cache)
386 silly pacote tag manifest for @types/sprintf@ts3.6 fetched in 1793ms
387 http fetch GET 304 https://registry.npmjs.org/@types%2fsupports-color 1519ms (from cache)
388 silly pacote tag manifest for @types/supports-color@ts3.6 fetched in 1522ms
389 http fetch GET 200 https://registry.npmjs.org/@types%2ftoidentifier 1508ms
390 silly fetchPackageMetaData error for @types/toidentifier@ts3.6 No matching version found for @types/toidentifier@ts3.6.
391 http fetch GET 304 https://registry.npmjs.org/@types%2ftar 1630ms (from cache)
392 silly pacote tag manifest for @types/tar@ts3.6 fetched in 1633ms
393 http fetch GET 200 https://registry.npmjs.org/@types%2funbzip2-stream 1476ms
394 silly fetchPackageMetaData error for @types/unbzip2-stream@ts3.6 No matching version found for @types/unbzip2-stream@ts3.6.
395 timing stage:rollbackFailedOptional Completed in 1ms
396 timing stage:runTopLevelLifecycles Completed in 11278ms
397 verbose type tag
398 verbose stack @types/camelize: No matching version found for @types/camelize@ts3.6.
398 verbose stack     at pickManifest (/usr/local/lib/node_modules/npm/node_modules/npm-pick-manifest/index.js:122:13)
398 verbose stack     at /usr/local/lib/node_modules/npm/node_modules/pacote/lib/fetchers/registry/manifest.js:43:18
398 verbose stack     at tryCatcher (/usr/local/lib/node_modules/npm/node_modules/bluebird/js/release/util.js:16:23)
398 verbose stack     at Promise._settlePromiseFromHandler (/usr/local/lib/node_modules/npm/node_modules/bluebird/js/release/promise.js:517:31)
398 verbose stack     at Promise._settlePromise (/usr/local/lib/node_modules/npm/node_modules/bluebird/js/release/promise.js:574:18)
398 verbose stack     at Promise._settlePromise0 (/usr/local/lib/node_modules/npm/node_modules/bluebird/js/release/promise.js:619:10)
398 verbose stack     at Promise._settlePromises (/usr/local/lib/node_modules/npm/node_modules/bluebird/js/release/promise.js:699:18)
398 verbose stack     at _drainQueueStep (/usr/local/lib/node_modules/npm/node_modules/bluebird/js/release/async.js:138:12)
398 verbose stack     at _drainQueue (/usr/local/lib/node_modules/npm/node_modules/bluebird/js/release/async.js:131:9)
398 verbose stack     at Async._drainQueues (/usr/local/lib/node_modules/npm/node_modules/bluebird/js/release/async.js:147:5)
398 verbose stack     at Immediate.Async.drainQueues [as _onImmediate] (/usr/local/lib/node_modules/npm/node_modules/bluebird/js/release/async.js:17:14)
398 verbose stack     at processImmediate (internal/timers.js:456:21)
399 verbose cwd /home/theia/.cache/typescript/3.6
400 verbose Linux 5.15.133.1-microsoft-standard-WSL2
401 verbose argv "/usr/local/bin/node" "/usr/local/bin/npm" "install" "--ignore-scripts" "@types/accepts@ts3.6" "@types/are-we-there-yet@ts3.6" "@types/argparse@ts3.6" "@types/asn1@ts3.6" "@types/assert-plus@ts3.6" "@types/autosize@ts3.6" "@types/aws4@ts3.6" "@types/babel-plugin-syntax-jsx@ts3.6" "@types/balanced-match@ts3.6" "@types/bent@ts3.6" "@types/bindings@ts3.6" "@types/body-parser@ts3.6" "@types/brace-expansion@ts3.6" "@types/buffer-crc32@ts3.6" "@types/buffers@ts3.6" "@types/byline@ts3.6" "@types/bytes@ts3.6" "@types/camelize@ts3.6" "@types/caseless@ts3.6" "@types/checksum@ts3.6" "@types/chownr@ts3.6" "@types/color-convert@ts3.6" "@types/color-name@ts3.6" "@types/combined-stream@ts3.6" "@types/concat-map@ts3.6" "@types/content-disposition@ts3.6" "@types/content-type@ts3.6" "@types/cookie@ts3.6" "@types/cookie-signature@ts3.6" "@types/core-util-is@ts3.6" "@types/css-to-react-native@ts3.6" "@types/dashdash@ts3.6" "@types/debug@ts3.6" "@types/decompress@ts3.6" "@types/deep-extend@ts3.6" "@types/delegates@ts3.6" "@types/depd@ts3.6" "@types/destroy@ts3.6" "@types/detect-libc@ts3.6" "@types/diff@ts3.6" "@types/dir-glob@ts3.6" "@types/dompurify@ts3.6" "@types/drivelist@ts3.6" "@types/ee-first@ts3.6" "@types/encodeurl@ts3.6" "@types/end-of-stream@ts3.6" "@types/escape-html@ts3.6" "@types/etag@ts3.6" "@types/event-stream@ts3.6" "@types/express@ts3.6" "@types/extend@ts3.6" "@types/extsprintf@ts3.6" "@types/filename-reserved-regex@ts3.6" "@types/finalhandler@ts3.6" "@types/forever-agent@ts3.6" "@types/forwarded@ts3.6" "@types/fresh@ts3.6" "@types/from@ts3.6" "@types/fs-extra@ts3.6" "@types/fs-minipass@ts3.6" "@types/gauge@ts3.6" "@types/getpass@ts3.6" "@types/github-from-package@ts3.6" "@types/graceful-fs@ts3.6" "@types/http-errors@ts3.6" "@types/http-signature@ts3.6" "@types/imurmurhash@ts3.6" "@types/inflight@ts3.6" "@types/inherits@ts3.6" "@types/ini@ts3.6" "@types/is-natural-number@ts3.6" "@types/is-typedarray@ts3.6" "@types/isarray@ts3.6" "@types/isexe@ts3.6" "@types/isstream@ts3.6" "@types/jsbn@ts3.6" "@types/json-schema@ts3.6" "@types/json-stringify-safe@ts3.6" "@types/jsonfile@ts3.6" "@types/jsprim@ts3.6" "@types/linkify-it@ts3.6" "@types/lodash@ts3.6" "@types/lodash.clonedeep@ts3.6" "@types/lodash.debounce@ts3.6" "@types/lodash.throttle@ts3.6" "@types/map-stream@ts3.6" "@types/markdown-it@ts3.6" "@types/mdurl@ts3.6" "@types/media-typer@ts3.6" "@types/merge-descriptors@ts3.6" "@types/methods@ts3.6" "@types/mime-db@ts3.6" "@types/mime-types@ts3.6" "@types/minimist@ts3.6" "@types/minizlib@ts3.6" "@types/ms@ts3.6" "@types/negotiator@ts3.6" "@types/nested-error-stacks@ts3.6" "@types/node-abi@ts3.6" "@types/npmlog@ts3.6" "@types/number-is-nan@ts3.6" "@types/object-assign@ts3.6" "@types/on-finished@ts3.6" "@types/once@ts3.6" "@types/oniguruma@ts3.6" "@types/optimist@ts3.6" "@types/os-homedir@ts3.6" "@types/parse-srcset@ts3.6" "@types/parseurl@ts3.6" "@types/path-is-absolute@ts3.6" "@types/pdfobject@ts3.6" "@types/pify@ts3.6" "@types/progress@ts3.6" "@types/prop-types@ts3.6" "@types/proxy-addr@ts3.6" "@types/proxy-from-env@ts3.6" "@types/ps-tree@ts3.6" "@types/psl@ts3.6" "@types/pump@ts3.6" "@types/punycode@ts3.6" "@types/qs@ts3.6" "@types/range-parser@ts3.6" "@types/rc@ts3.6" "@types/react@ts3.6" "@types/react-dom@ts3.6" "@types/react-is@ts3.6" "@types/react-lifecycles-compat@ts3.6" "@types/react-virtualized@ts3.6" "@types/readable-stream@ts3.6" "@types/regenerator-runtime@ts3.6" "@types/request@ts3.6" "@types/requestretry@ts3.6" "@types/require-directory@ts3.6" "@types/route-parser@ts3.6" "@types/safer-buffer@ts3.6" "@types/sanitize-html@ts3.6" "@types/scheduler@ts3.6" "@types/semver@ts3.6" "@types/send@ts3.6" "@types/serve-static@ts3.6" "@types/set-blocking@ts3.6" "@types/showdown@ts3.6" "@types/signal-exit@ts3.6" "@types/simple-get@ts3.6" "@types/split@ts3.6" "@types/sprintf@ts3.6" "@types/sprintf-js@ts3.6" "@types/sshpk@ts3.6" "@types/statuses@ts3.6" "@types/styled-components@ts3.6" "@types/supports-color@ts3.6" "@types/tar@ts3.6" "@types/tar-fs@ts3.6" "@types/tar-stream@ts3.6" "@types/through@ts3.6" "@types/toidentifier@ts3.6" "@types/tough-cookie@ts3.6" "@types/traverse@ts3.6" "@types/type-is@ts3.6" "@types/unbzip2-stream@ts3.6" "@types/universalify@ts3.6" "@types/unzip-stream@ts3.6" "@types/user-home@ts3.6" "@types/util-deprecate@ts3.6" "@types/utils-merge@ts3.6" "@types/uuid@ts3.6" "@types/vary@ts3.6" "@types/verror@ts3.6" "@types/vhost@ts3.6" "@types/when@ts3.6" "@types/which@ts3.6" "@types/which-pm-runs@ts3.6" "@types/wordwrap@ts3.6" "@types/ws@ts3.6" "@types/xtend@ts3.6" "@types/yallist@ts3.6" "@types/yargs@ts3.6" "@types/yauzl@ts3.6" "--save-dev" "--user-agent=typesInstaller/3.6.3"
402 verbose node v12.18.3
403 verbose npm  v6.14.6
404 error code ETARGET
405 error notarget No matching version found for @types/camelize@ts3.6.
406 error notarget In most cases you or one of your dependencies are requesting
406 error notarget a package version that doesn't exist.
407 verbose exit [ 1, true ]
